\BOOKMARK [0][-]{section*.2}{\376\377\000M\000a\000r\000k\000o\000v\000\040\000S\000t\000a\000t\000e\000\040\000M\000o\000d\000e\000l\000l\000i\000n\000g\000\040\000f\000o\000r\000\040\000t\000h\000e\000\040\000f\000o\000l\000d\000i\000n\000g\000\040\000o\000f\000\040\000H\000P\0003\0005\000\040\000v\000i\000l\000l\000i\000n\000\040\000h\000e\000a\000d\000p\000i\000e\000c\000e}{}% 2
\BOOKMARK [1][-]{section*.1}{\376\377\000A\000b\000s\000t\000r\000a\000c\000t}{section*.2}% 1
\BOOKMARK [1][-]{section*.3}{\376\377\000I\000n\000t\000r\000o\000d\000u\000c\000t\000i\000o\000n}{section*.2}% 3
\BOOKMARK [2][-]{section*.4}{\376\377\000B\000r\000i\000e\000f\000\040\000d\000e\000s\000c\000r\000i\000p\000t\000i\000o\000n\000\040\000o\000f\000\040\000t\000h\000e\000\040\000b\000i\000o\000l\000o\000g\000i\000c\000a\000l\000\040\000p\000r\000o\000b\000l\000e\000m\000,\000\040\000k\000n\000o\000w\000n\000s\000\040\000a\000n\000d\000\040\000u\000n\000k\000n\000o\000w\000n\000s}{section*.3}% 4
\BOOKMARK [2][-]{section*.5}{\376\377\000D\000e\000f\000i\000n\000i\000n\000g\000\040\000t\000h\000e\000\040\000q\000u\000e\000s\000t\000i\000o\000n}{section*.3}% 5
\BOOKMARK [2][-]{section*.6}{\376\377\000D\000e\000f\000i\000n\000i\000n\000g\000\040\000t\000h\000e\000\040\000p\000l\000a\000n\000:\000\040\000t\000r\000a\000n\000s\000l\000a\000t\000i\000n\000g\000\040\000t\000h\000e\000\040\000q\000u\000e\000s\000t\000i\000o\000n\000\040\000o\000n\000\040\000t\000h\000e\000\040\000l\000a\000n\000g\000u\000a\000g\000e\000\040\000o\000f\000\040\000t\000h\000e\000\040\000c\000o\000m\000p\000u\000t\000e\000r\000\040\000\050\000b\000r\000i\000e\000f\000\051}{section*.3}% 6
\BOOKMARK [1][-]{section*.7}{\376\377\000M\000e\000t\000h\000o\000d\000s}{section*.2}% 7
\BOOKMARK [2][-]{section*.8}{\376\377\000D\000a\000t\000a\000s\000e\000t\000\040\000a\000s\000s\000e\000m\000b\000l\000y}{section*.7}% 8
\BOOKMARK [2][-]{section*.10}{\376\377\000M\000e\000t\000h\000o\000d\000s\000\040\000u\000s\000e\000d\000\040\000f\000o\000r\000\040\000a\000n\000a\000l\000y\000s\000i\000s\000\040\000\050\000i\000n\000\040\000c\000a\000s\000e\000\040\000y\000o\000u\000\040\000d\000e\000v\000e\000l\000o\000p\000e\000d\000\040\000a\000\040\000m\000e\000t\000h\000o\000d\000,\000\040\000i\000t\000\040\000g\000o\000e\000s\000\040\000i\000n\000t\000o\000\040\000R\000e\000s\000u\000l\000t\000s\000\051}{section*.7}% 9
\BOOKMARK [2][-]{section*.11}{\376\377\000S\000t\000a\000t\000i\000s\000t\000i\000c\000a\000l\000\040\000a\000n\000a\000l\000y\000s\000i\000s}{section*.7}% 10
\BOOKMARK [1][-]{section*.12}{\376\377\000R\000e\000s\000u\000l\000t\000s}{section*.2}% 11
\BOOKMARK [1][-]{section*.13}{\376\377\000D\000i\000s\000c\000u\000s\000s\000i\000o\000n}{section*.2}% 12
\BOOKMARK [1][-]{section*.14}{\376\377\000C\000o\000n\000c\000l\000u\000s\000i\000o\000n\000s}{section*.2}% 13
\BOOKMARK [1][-]{section*.15}{\376\377\000R\000e\000f\000e\000r\000e\000n\000c\000e\000s}{section*.2}% 14
\BOOKMARK [1][-]{section*.16}{\376\377\000R\000e\000f\000e\000r\000e\000n\000c\000e\000s}{section*.2}% 15
\BOOKMARK [1][-]{section*.17}{\376\377\000S\000u\000p\000p\000o\000r\000t\000i\000n\000g\000\040\000I\000n\000f\000o\000r\000m\000a\000t\000i\000o\000n}{section*.2}% 16
\BOOKMARK [2][-]{section*.18}{\376\377\000D\000i\000m\000e\000n\000s\000i\000o\000n\000a\000l\000i\000t\000y\000\040\000r\000e\000d\000u\000c\000t\000i\000o\000n\000\040\000a\000n\000d\000\040\000c\000l\000u\000s\000t\000e\000r\000i\000n\000g}{section*.17}% 17
\BOOKMARK [2][-]{section*.19}{\376\377\000E\000s\000t\000i\000m\000a\000t\000i\000o\000n\000\040\000a\000n\000d\000\040\000v\000a\000l\000i\000d\000a\000t\000i\000o\000n\000o\000f\000\040\000M\000a\000r\000k\000o\000v\000\040\000s\000t\000a\000t\000e\000\040\000m\000o\000d\000e\000l\000s}{section*.17}% 18
\BOOKMARK [2][-]{section*.20}{\376\377\000V\000A\000M\000P\000\040\000s\000c\000o\000r\000e\000s}{section*.17}% 19
\BOOKMARK [2][-]{section*.21}{\376\377\000T\000r\000a\000n\000s\000i\000t\000i\000o\000n\000\040\000p\000a\000t\000h\000\040\000t\000h\000e\000o\000r\000y}{section*.17}% 20
\BOOKMARK [2][-]{section*.22}{\376\377\000P\000C\000C\000A\000\040\000a\000n\000d\000\040\000M\000S\000M\000\040\000c\000o\000a\000r\000s\000e\000-\000g\000r\000a\000i\000n\000i\000n\000g}{section*.17}% 21
